多账号执行间隔：5.0
grant_app_token: {"error_code": "0108", "mutime_long": 0, "mutime": "1970-01-01 00:00"}
grant_app_token: {"token_info": {"app_token": "ZQVBQFJyQktGHlp6QkpbRl5LRl5qek4uXAQABAAAAALTuCU0KWJXJ-B7gkfOaQiRIZjsPjT0DGIDpdjCiqJNLA0h1TZlw-MQ0Im4FAnviUeD5N-5-34527cOuEixytgrkHsVLgel2S7anOiyxJFkNQrCQ073Hi7zxtCmISG65JBY_DB3hWCTdTVM8IjSW0EvRtag3aPNuHWXbHHQiOAtZ-YLujP_NhHwdiBT1ZoA7tQ", "user_id": "1198737087", "app_ttl": 2592000}, "result": "ok", "domains": [{"cnames": ["api-user-cn3.zepp.com"], "host": "api-user.huami.com"}, {"cnames": ["api-mifit-cn3.zepp.com"], "host": "api-mifit.huami.com"}, {"cnames": ["app-analytics-cn3.zepp.com"], "host": "app-analytics.huami.com"}]}
[2026-06-26 12:20:05]
[1/2]账号：zsy****.com
刷新app_token
login_token可能失效，重新获取 last grant time: 1782439089528
已设置为随机步数范围(15416~17416) 随机值:16752
修改步数（16752）[success]

grant_app_token: {"error_code": "0108", "mutime_long": 0, "mutime": "1970-01-01 00:00"}
grant_app_token: {"token_info": {"app_token": "ZQVBQFJyQktGHlp6QkpbRl5LRl5qek4uXAQABAAAAAITBcjZ6YjFBMxnkWHKFrILmhqbBo5d05Vz_xljeXUBozbWS3hQnSAd7mo_e9EnsfnD4tkw2DFyPMme4eRyApbpdE98X866jbZRROHE_RDC9DI_gJSVcqqN-tgciccYSF3xRcn4llZ0Pd91-hTze143XiRVVP9I_ztShAL1oLZA32RCbGtHy2hPuiLcoRP0Jng", "user_id": "1198740178", "app_ttl": 2592000}, "result": "ok", "domains": [{"cnames": ["api-user-cn3.zepp.com"], "host": "api-user.huami.com"}, {"cnames": ["api-mifit-cn3.zepp.com"], "host": "api-mifit.huami.com"}, {"cnames": ["app-analytics-cn3.zepp.com"], "host": "app-analytics.huami.com"}]}
[2026-06-26 12:20:14]
[2/2]账号：sil****.com
刷新app_token
login_token可能失效，重新获取 last grant time: 1782439976784
已设置为随机步数范围(15416~17416) 随机值:15634
修改步数（15634）[success]


执行账号总数2，成功：2，失败：0
未配置 PUSH_PLUS_TOKEN 跳过PUSHPLUS推送
未配置 WECHAT_WEBHOOK_KEY 跳过微信推送
未配置 TELEGRAM_BOT_TOKEN 或 TELEGRAM_CHAT_ID 跳过telegram推送
